Traceback (most recent call last):
  File "./test_control.py", line 122, in <module>
    if i % 1 == 0:
TypeError: not all arguments converted during string formatting
Traceback (most recent call last):
  File "./test_control.py", line 122, in <module>
    if i % 1 == 0:
TypeError: not all arguments converted during string formatting
Breath Cycle:  1
Inspiration...
Ins Time of last cycle:  2.996305227279663
Expiration...
Ext Time of last cycle:  3.99017333984375
Breath Cycle:  2
Inspiration...
Ins Time of last cycle:  2.993030309677124
Expiration...
Ext Time of last cycle:  3.9960901737213135
Breath Cycle:  3
Inspiration...
Ins Time of last cycle:  2.997049331665039
Expiration...
Ext Time of last cycle:  3.998579263687134
Breath Cycle:  4
Inspiration...
Ins Time of last cycle:  2.987513303756714
Expiration...
Ext Time of last cycle:  3.9907755851745605
Breath Cycle:  5
Inspiration...
Ins Time of last cycle:  2.9948017597198486
Expiration...
Ext Time of last cycle:  3.9981706142425537
Breath Cycle:  6
Inspiration...
Ins Time of last cycle:  3.003492832183838
Expiration...
Ext Time of last cycle:  4.003250360488892
Breath Cycle:  7
Inspiration...
Ins Time of last cycle:  3.0030438899993896
Expiration...
Ext Time of last cycle:  4.001202344894409
Breath Cycle:  8
Inspiration...
Ins Time of last cycle:  2.9889490604400635
Expiration...
Ext Time of last cycle:  4.004259824752808
Breath Cycle:  9
Inspiration...
Ins Time of last cycle:  2.9952738285064697
Expiration...
Ext Time of last cycle:  3.9851455688476562
